  algorithm.cpp
algorithm.cpp(266): warning C4244: “初始化”: 从“double”转换到“float”，可能丢失数据
  algorithm.cpp(315): note: 参见对正在编译的函数 模板 实例化“void LTP1_<char>(cv::Mat,cv::OutputArray,int,int,float,bool)”的引用
algorithm.cpp(268): warning C4244: “+=”: 从“double”转换到“int”，可能丢失数据
algorithm.cpp(247): warning C4244: “初始化”: 从“float”转换到“int”，可能丢失数据
  algorithm.cpp(320): note: 参见对正在编译的函数 模板 实例化“void LTP1_<float>(cv::Mat,cv::OutputArray,int,int,float,bool)”的引用
algorithm.cpp(247): warning C4244: “初始化”: 从“double”转换到“int”，可能丢失数据
  algorithm.cpp(321): note: 参见对正在编译的函数 模板 实例化“void LTP1_<double>(cv::Mat,cv::OutputArray,int,int,float,bool)”的引用
algorithm.cpp(303): warning C4244: “初始化”: 从“double”转换到“float”，可能丢失数据
  algorithm.cpp(339): note: 参见对正在编译的函数 模板 实例化“void LTP2_<char>(cv::Mat,cv::OutputArray,int,int,float,bool)”的引用
algorithm.cpp(305): warning C4244: “+=”: 从“double”转换到“int”，可能丢失数据
algorithm.cpp(284): warning C4244: “初始化”: 从“float”转换到“int”，可能丢失数据
  algorithm.cpp(344): note: 参见对正在编译的函数 模板 实例化“void LTP2_<float>(cv::Mat,cv::OutputArray,int,int,float,bool)”的引用
algorithm.cpp(284): warning C4244: “初始化”: 从“double”转换到“int”，可能丢失数据
  algorithm.cpp(345): note: 参见对正在编译的函数 模板 实例化“void LTP2_<double>(cv::Mat,cv::OutputArray,int,int,float,bool)”的引用
  main.cpp
  traintest.cpp
  正在生成代码
  25 of 521 functions ( 4.8%) were compiled, the rest were copied from previous compilation.
    0 functions were new in current compilation
    15 functions had inline decision re-evaluated but remain unchanged
  已完成代码的生成
  Algorithm.vcxproj -> D:\MyGit\Recognition-Algorithm\C++\Algorithm\x64\Release\Algorithm.exe
  Algorithm.vcxproj -> D:\MyGit\Recognition-Algorithm\C++\Algorithm\x64\Release\Algorithm.pdb (Full PDB)
